<?xml version="1.0" encoding="UTF-8" ?>
<testsuite tests="148" failures="0" name="runner.TestRunner" time="0.027" errors="0" skipped="0">
  <properties>
    <property name="java.runtime.name" value="Java(TM) SE Runtime Environment"/>
    <property name="sun.boot.library.path" value="C:\Program Files\Java\jdk1.8.0_251\jre\bin"/>
    <property name="java.vm.version" value="25.251-b08"/>
    <property name="java.vm.vendor" value="Oracle Corporation"/>
    <property name="maven.multiModuleProjectDirectory" value="C:\Users\reggy\eclipse-workspace\Exercise"/>
    <property name="java.vendor.url" value="http://java.oracle.com/"/>
    <property name="path.separator" value=";"/>
    <property name="guice.disable.misplaced.annotation.check" value="true"/>
    <property name="java.vm.name" value="Java HotSpot(TM) 64-Bit Server VM"/>
    <property name="file.encoding.pkg" value="sun.io"/>
    <property name="user.script" value=""/>
    <property name="user.country" value="GB"/>
    <property name="sun.java.launcher" value="SUN_STANDARD"/>
    <property name="sun.os.patch.level" value=""/>
    <property name="java.vm.specification.name" value="Java Virtual Machine Specification"/>
    <property name="user.dir" value="C:\Users\reggy\eclipse-workspace\Exercise"/>
    <property name="java.runtime.version" value="1.8.0_251-b08"/>
    <property name="java.awt.graphicsenv" value="sun.awt.Win32GraphicsEnvironment"/>
    <property name="java.endorsed.dirs" value="C:\Program Files\Java\jdk1.8.0_251\jre\lib\endorsed"/>
    <property name="os.arch" value="amd64"/>
    <property name="java.io.tmpdir" value="C:\Users\reggy\AppData\Local\Temp\"/>
    <property name="line.separator" value="
"/>
    <property name="java.vm.specification.vendor" value="Oracle Corporation"/>
    <property name="user.variant" value=""/>
    <property name="os.name" value="Windows 10"/>
    <property name="classworlds.conf" value="C:\apache-maven-3.6.3\bin\..\bin\m2.conf"/>
    <property name="sun.jnu.encoding" value="Cp1252"/>
    <property name="java.library.path" value="C:\Program Files\Java\jdk1.8.0_251\bin;C:\Windows\Sun\Java\bin;C:\Windows\system32;C:\Windows;C:\python-3.8.2;C:\Program Files\TSDuck\bin;C:\Program Files\Java\jdk1.8.0_251\\bin;C:\Python27;C:\Python27\Scripts;C:\Program Files (x86)\Common Files\Intel\Shared Libraries\redist\intel64\compiler;C:\Windows\system32;C:\Windows;C:\Windows\System32\Wbem;C:\Windows\System32\WindowsPowerShell\v1.0;C:\Windows\System32\OpenSSH;C:\Program Files\Intel\WiFi\bin;C:\Program Files\Common Files\Intel\WirelessCommon;C:\Program Files (x86)\NVIDIA Corporation\PhysX\Common;C:\Program Files\Git\cmd;C:\Program Files\Git\mingw64\bin;C:\Program Files\Git\usr\bin;C:\Program Files\PuTTY;C:\wamp64\bin\apache\apache2.4.39\bin;C:\Program Files\Amazon\AWSCLI\bin;C:\Program Files\nodejs;C:\ProgramData\chocolatey\bin;C:\Program Files\Microsoft SQL Server\120\Tools\Binn;C:\Program Files\Common Files\Autodesk Shared;C:\HashiCorp\Vagrant\bin;C:\Program Files (x86)\Yarn\bin\;C:\apache-maven-3.6.3\bin;C:\Users\reggy\AppData\Local\Programs\Python\Python38-32\Scripts\;C:\Users\reggy\AppData\Local\Programs\Python\Python38-32\;C:\Users\reggy\AppData\Local\Microsoft\WindowsApps;C:\Program Files\Java\jdk1.8.0_251\\bin;C:\python-3.8.2\python.exe;C:\Program Files\Intel\WiFi\bin\;C:\Program Files\Common Files\Intel\WirelessCommon\;C:\Program Files\Docker Toolbox;C:\Users\reggy\AppData\Local\Programs\Microsoft VS Code\bin;C:\Users\reggy\AppData\Roaming\npm;C:\Users\reggy\AppData\Local\atom\bin;C:\Program Files (x86)\Nmap;C:\Program Files\Docker Toolbox;C:\Users\reggy\AppData\Local\Yarn\bin;."/>
    <property name="maven.conf" value="C:\apache-maven-3.6.3\bin\../conf"/>
    <property name="java.specification.name" value="Java Platform API Specification"/>
    <property name="java.class.version" value="52.0"/>
    <property name="sun.management.compiler" value="HotSpot 64-Bit Tiered Compilers"/>
    <property name="os.version" value="10.0"/>
    <property name="library.jansi.path" value="C:\apache-maven-3.6.3\bin\..\lib\jansi-native"/>
    <property name="user.home" value="C:\Users\reggy"/>
    <property name="user.timezone" value="Europe/London"/>
    <property name="java.awt.printerjob" value="sun.awt.windows.WPrinterJob"/>
    <property name="java.specification.version" value="1.8"/>
    <property name="file.encoding" value="Cp1252"/>
    <property name="user.name" value="reggy"/>
    <property name="java.class.path" value="C:\apache-maven-3.6.3\bin\..\boot\plexus-classworlds-2.6.0.jar"/>
    <property name="java.vm.specification.version" value="1.8"/>
    <property name="sun.arch.data.model" value="64"/>
    <property name="java.home" value="C:\Program Files\Java\jdk1.8.0_251\jre"/>
    <property name="sun.java.command" value="org.codehaus.plexus.classworlds.launcher.Launcher test"/>
    <property name="java.specification.vendor" value="Oracle Corporation"/>
    <property name="user.language" value="en"/>
    <property name="awt.toolkit" value="sun.awt.windows.WToolkit"/>
    <property name="java.vm.info" value="mixed mode"/>
    <property name="java.version" value="1.8.0_251"/>
    <property name="java.ext.dirs" value="C:\Program Files\Java\jdk1.8.0_251\jre\lib\ext;C:\Windows\Sun\Java\lib\ext"/>
    <property name="sun.boot.class.path" value="C:\Program Files\Java\jdk1.8.0_251\jre\lib\resources.jar;C:\Program Files\Java\jdk1.8.0_251\jre\lib\rt.jar;C:\Program Files\Java\jdk1.8.0_251\jre\lib\sunrsasign.jar;C:\Program Files\Java\jdk1.8.0_251\jre\lib\jsse.jar;C:\Program Files\Java\jdk1.8.0_251\jre\lib\jce.jar;C:\Program Files\Java\jdk1.8.0_251\jre\lib\charsets.jar;C:\Program Files\Java\jdk1.8.0_251\jre\lib\jfr.jar;C:\Program Files\Java\jdk1.8.0_251\jre\classes"/>
    <property name="sun.stderr.encoding" value="cp850"/>
    <property name="java.vendor" value="Oracle Corporation"/>
    <property name="maven.home" value="C:\apache-maven-3.6.3\bin\.."/>
    <property name="file.separator" value="\"/>
    <property name="java.vendor.url.bug" value="http://bugreport.sun.com/bugreport/"/>
    <property name="sun.cpu.endian" value="little"/>
    <property name="sun.io.unicode.encoding" value="UnicodeLittle"/>
    <property name="sun.stdout.encoding" value="cp850"/>
    <property name="sun.desktop" value="windows"/>
    <property name="sun.cpu.isalist" value="amd64"/>
  </properties>
  <testcase classname="| coke |" name="Given That the vending machine is stocked with the drinks" time="0.005"/>
  <testcase classname="| coke |" name="When I put enough money in the vending machine" time="0.001"/>
  <testcase classname="| coke |" name="And I the select coke for purchase" time="0"/>
  <testcase classname="| coke |" name="Then The transaction completes successfully" time="0"/>
  <testcase classname="| coke |" name="| coke |" time="0.007"/>
  <testcase classname="| pepsi |" name="Given That the vending machine is stocked with the drinks" time="0"/>
  <testcase classname="| pepsi |" name="When I put enough money in the vending machine" time="0"/>
  <testcase classname="| pepsi |" name="And I the select pepsi for purchase" time="0"/>
  <testcase classname="| pepsi |" name="Then The transaction completes successfully" time="0"/>
  <testcase classname="| pepsi |" name="| pepsi |" time="0"/>
  <testcase classname="| soda |" name="Given That the vending machine is stocked with the drinks" time="0"/>
  <testcase classname="| soda |" name="When I put enough money in the vending machine" time="0"/>
  <testcase classname="| soda |" name="And I the select soda for purchase" time="0"/>
  <testcase classname="| soda |" name="Then The transaction completes successfully" time="0"/>
  <testcase classname="| soda |" name="| soda |" time="0"/>
  <testcase classname="| 25 | coke |" name="Given I put into the vending machine 25 pennies" time="0"/>
  <testcase classname="| 25 | coke |" name="And There are cans of coke in the vending machine" time="0"/>
  <testcase classname="| 25 | coke |" name="When I request for a can of coke" time="0"/>
  <testcase classname="| 25 | coke |" name="Then The transaction is successful 25 for coke" time="0"/>
  <testcase classname="| 25 | coke |" name="| 25 | coke |" time="0.001"/>
  <testcase classname="| 35 | pepsi |" name="Given I put into the vending machine 35 pennies" time="0"/>
  <testcase classname="| 35 | pepsi |" name="And There are cans of pepsi in the vending machine" time="0"/>
  <testcase classname="| 35 | pepsi |" name="When I request for a can of pepsi" time="0"/>
  <testcase classname="| 35 | pepsi |" name="Then The transaction is successful 35 for pepsi" time="0"/>
  <testcase classname="| 35 | pepsi |" name="| 35 | pepsi |" time="0"/>
  <testcase classname="| 45 | soda |" name="Given I put into the vending machine 45 pennies" time="0"/>
  <testcase classname="| 45 | soda |" name="And There are cans of soda in the vending machine" time="0"/>
  <testcase classname="| 45 | soda |" name="When I request for a can of soda" time="0"/>
  <testcase classname="| 45 | soda |" name="Then The transaction is successful 45 for soda" time="0"/>
  <testcase classname="| 45 | soda |" name="| 45 | soda |" time="0.001"/>
  <testcase classname="| 75 | coke | 50 |" name="Given I put into the vending machine 75" time="0.001"/>
  <testcase classname="| 75 | coke | 50 |" name="And There are cans of coke in the vending machine" time="0"/>
  <testcase classname="| 75 | coke | 50 |" name="When I request for a can of coke" time="0"/>
  <testcase classname="| 75 | coke | 50 |" name="Then The vending machine gives back 50 for coke amount paid 75" time="0.001"/>
  <testcase classname="| 75 | coke | 50 |" name="And The transaction is successful 75 for coke" time="0.001"/>
  <testcase classname="| 75 | coke | 50 |" name="| 75 | coke | 50 |" time="0.001"/>
  <testcase classname="| 75 | pepsi | 40 |" name="Given I put into the vending machine 75" time="0"/>
  <testcase classname="| 75 | pepsi | 40 |" name="And There are cans of pepsi in the vending machine" time="0"/>
  <testcase classname="| 75 | pepsi | 40 |" name="When I request for a can of pepsi" time="0"/>
  <testcase classname="| 75 | pepsi | 40 |" name="Then The vending machine gives back 40 for pepsi amount paid 75" time="0"/>
  <testcase classname="| 75 | pepsi | 40 |" name="And The transaction is successful 75 for pepsi" time="0"/>
  <testcase classname="| 75 | pepsi | 40 |" name="| 75 | pepsi | 40 |" time="0"/>
  <testcase classname="| 75 | soda | 30 |" name="Given I put into the vending machine 75" time="0"/>
  <testcase classname="| 75 | soda | 30 |" name="And There are cans of soda in the vending machine" time="0"/>
  <testcase classname="| 75 | soda | 30 |" name="When I request for a can of soda" time="0"/>
  <testcase classname="| 75 | soda | 30 |" name="Then The vending machine gives back 30 for soda amount paid 75" time="0"/>
  <testcase classname="| 75 | soda | 30 |" name="And The transaction is successful 75 for soda" time="0"/>
  <testcase classname="| 75 | soda | 30 |" name="| 75 | soda | 30 |" time="0"/>
  <testcase classname="| 50 | coke | 25 |" name="Given I put into the vending machine 50" time="0"/>
  <testcase classname="| 50 | coke | 25 |" name="And There are cans of coke in the vending machine" time="0"/>
  <testcase classname="| 50 | coke | 25 |" name="When I request for a can of coke" time="0"/>
  <testcase classname="| 50 | coke | 25 |" name="Then The vending machine gives back 25 for coke amount paid 50" time="0"/>
  <testcase classname="| 50 | coke | 25 |" name="And The transaction is successful 50 for coke" time="0"/>
  <testcase classname="| 50 | coke | 25 |" name="| 50 | coke | 25 |" time="0"/>
  <testcase classname="| 50 | pepsi | 15 |" name="Given I put into the vending machine 50" time="0"/>
  <testcase classname="| 50 | pepsi | 15 |" name="And There are cans of pepsi in the vending machine" time="0"/>
  <testcase classname="| 50 | pepsi | 15 |" name="When I request for a can of pepsi" time="0"/>
  <testcase classname="| 50 | pepsi | 15 |" name="Then The vending machine gives back 15 for pepsi amount paid 50" time="0"/>
  <testcase classname="| 50 | pepsi | 15 |" name="And The transaction is successful 50 for pepsi" time="0"/>
  <testcase classname="| 50 | pepsi | 15 |" name="| 50 | pepsi | 15 |" time="0.001"/>
  <testcase classname="| 50 | soda | 5 |" name="Given I put into the vending machine 50" time="0"/>
  <testcase classname="| 50 | soda | 5 |" name="And There are cans of soda in the vending machine" time="0"/>
  <testcase classname="| 50 | soda | 5 |" name="When I request for a can of soda" time="0"/>
  <testcase classname="| 50 | soda | 5 |" name="Then The vending machine gives back 5 for soda amount paid 50" time="0.001"/>
  <testcase classname="| 50 | soda | 5 |" name="And The transaction is successful 50 for soda" time="0"/>
  <testcase classname="| 50 | soda | 5 |" name="| 50 | soda | 5 |" time="0"/>
  <testcase classname="| 150 | coke | 125 |" name="Given I put into the vending machine 150" time="0"/>
  <testcase classname="| 150 | coke | 125 |" name="And There are cans of coke in the vending machine" time="0"/>
  <testcase classname="| 150 | coke | 125 |" name="When I request for a can of coke" time="0"/>
  <testcase classname="| 150 | coke | 125 |" name="Then The vending machine gives back 125 for coke amount paid 150" time="0"/>
  <testcase classname="| 150 | coke | 125 |" name="And The transaction is successful 150 for coke" time="0"/>
  <testcase classname="| 150 | coke | 125 |" name="| 150 | coke | 125 |" time="0.001"/>
  <testcase classname="| 150 | pepsi | 115 |" name="Given I put into the vending machine 150" time="0"/>
  <testcase classname="| 150 | pepsi | 115 |" name="And There are cans of pepsi in the vending machine" time="0"/>
  <testcase classname="| 150 | pepsi | 115 |" name="When I request for a can of pepsi" time="0"/>
  <testcase classname="| 150 | pepsi | 115 |" name="Then The vending machine gives back 115 for pepsi amount paid 150" time="0"/>
  <testcase classname="| 150 | pepsi | 115 |" name="And The transaction is successful 150 for pepsi" time="0"/>
  <testcase classname="| 150 | pepsi | 115 |" name="| 150 | pepsi | 115 |" time="0"/>
  <testcase classname="| 150 | soda | 105 |" name="Given I put into the vending machine 150" time="0"/>
  <testcase classname="| 150 | soda | 105 |" name="And There are cans of soda in the vending machine" time="0"/>
  <testcase classname="| 150 | soda | 105 |" name="When I request for a can of soda" time="0"/>
  <testcase classname="| 150 | soda | 105 |" name="Then The vending machine gives back 105 for soda amount paid 150" time="0"/>
  <testcase classname="| 150 | soda | 105 |" name="And The transaction is successful 150 for soda" time="0"/>
  <testcase classname="| 150 | soda | 105 |" name="| 150 | soda | 105 |" time="0"/>
  <testcase classname="| coke | 5 | 5 |" name="Given No balance of coke in the vending machine" time="0"/>
  <testcase classname="| coke | 5 | 5 |" name="And I put following 5 of coke into the vending machine" time="0.001"/>
  <testcase classname="| coke | 5 | 5 |" name="When I get the inventory of coke" time="0"/>
  <testcase classname="| coke | 5 | 5 |" name="Then The Number of coke in vending machine matches 5" time="0"/>
  <testcase classname="| coke | 5 | 5 |" name="| coke | 5 | 5 |" time="0"/>
  <testcase classname="| pepsi | 5 | 5 |" name="Given No balance of pepsi in the vending machine" time="0"/>
  <testcase classname="| pepsi | 5 | 5 |" name="And I put following 5 of pepsi into the vending machine" time="0"/>
  <testcase classname="| pepsi | 5 | 5 |" name="When I get the inventory of pepsi" time="0"/>
  <testcase classname="| pepsi | 5 | 5 |" name="Then The Number of pepsi in vending machine matches 5" time="0"/>
  <testcase classname="| pepsi | 5 | 5 |" name="| pepsi | 5 | 5 |" time="0"/>
  <testcase classname="| soda | 5 | 5 |" name="Given No balance of soda in the vending machine" time="0"/>
  <testcase classname="| soda | 5 | 5 |" name="And I put following 5 of soda into the vending machine" time="0"/>
  <testcase classname="| soda | 5 | 5 |" name="When I get the inventory of soda" time="0"/>
  <testcase classname="| soda | 5 | 5 |" name="Then The Number of soda in vending machine matches 5" time="0"/>
  <testcase classname="| soda | 5 | 5 |" name="| soda | 5 | 5 |" time="0"/>
  <testcase classname="| coke |" name="Given There are cans of coke in the vending machine" time="0.003"/>
  <testcase classname="| coke |" name="When I purchase a can of coke" time="0"/>
  <testcase classname="| coke |" name="And I get the inventory of coke" time="0"/>
  <testcase classname="| coke |" name="Then the number of coke has reduced by one" time="0"/>
  <testcase classname="| coke |" name="| coke |" time="0"/>
  <testcase classname="| pepsi |" name="Given There are cans of pepsi in the vending machine" time="0"/>
  <testcase classname="| pepsi |" name="When I purchase a can of pepsi" time="0"/>
  <testcase classname="| pepsi |" name="And I get the inventory of pepsi" time="0"/>
  <testcase classname="| pepsi |" name="Then the number of pepsi has reduced by one" time="0"/>
  <testcase classname="| pepsi |" name="| pepsi |" time="0"/>
  <testcase classname="| soda |" name="Given There are cans of soda in the vending machine" time="0"/>
  <testcase classname="| soda |" name="When I purchase a can of soda" time="0"/>
  <testcase classname="| soda |" name="And I get the inventory of soda" time="0"/>
  <testcase classname="| soda |" name="Then the number of soda has reduced by one" time="0"/>
  <testcase classname="| soda |" name="| soda |" time="0"/>
  <testcase classname="| coke | 24 | you have not inserted enough money |" name="Given There are cans of coke in the vending machine" time="0"/>
  <testcase classname="| coke | 24 | you have not inserted enough money |" name="And I put into the vending machine 24" time="0"/>
  <testcase classname="| coke | 24 | you have not inserted enough money |" name="Then I try to purchase a can of coke" time="0"/>
  <testcase classname="| coke | 24 | you have not inserted enough money |" name="Then Vending machine returns you have not inserted enough money" time="0"/>
  <testcase classname="| coke | 24 | you have not inserted enough money |" name="And No of coke in vending Machine remains the same" time="0"/>
  <testcase classname="| coke | 24 | you have not inserted enough money |" name="| coke | 24 | you have not inserted enough money |" time="0"/>
  <testcase classname="| pepsi | 24 | you have not inserted enough money |" name="Given There are cans of pepsi in the vending machine" time="0"/>
  <testcase classname="| pepsi | 24 | you have not inserted enough money |" name="And I put into the vending machine 24" time="0"/>
  <testcase classname="| pepsi | 24 | you have not inserted enough money |" name="Then I try to purchase a can of pepsi" time="0"/>
  <testcase classname="| pepsi | 24 | you have not inserted enough money |" name="Then Vending machine returns you have not inserted enough money" time="0"/>
  <testcase classname="| pepsi | 24 | you have not inserted enough money |" name="And No of pepsi in vending Machine remains the same" time="0"/>
  <testcase classname="| pepsi | 24 | you have not inserted enough money |" name="| pepsi | 24 | you have not inserted enough money |" time="0"/>
  <testcase classname="| soda | 24 | you have not inserted enough money |" name="Given There are cans of soda in the vending machine" time="0.001"/>
  <testcase classname="| soda | 24 | you have not inserted enough money |" name="And I put into the vending machine 24" time="0"/>
  <testcase classname="| soda | 24 | you have not inserted enough money |" name="Then I try to purchase a can of soda" time="0"/>
  <testcase classname="| soda | 24 | you have not inserted enough money |" name="Then Vending machine returns you have not inserted enough money" time="0"/>
  <testcase classname="| soda | 24 | you have not inserted enough money |" name="And No of soda in vending Machine remains the same" time="0"/>
  <testcase classname="| soda | 24 | you have not inserted enough money |" name="| soda | 24 | you have not inserted enough money |" time="0"/>
  <testcase classname="| coke | 100 | is out of stock |" name="Given There are zero cans in the vending machine" time="0"/>
  <testcase classname="| coke | 100 | is out of stock |" name="And I put into the vending machine 100" time="0"/>
  <testcase classname="| coke | 100 | is out of stock |" name="And I try to purchase any item" time="0"/>
  <testcase classname="| coke | 100 | is out of stock |" name="Then Vending machine returns is out of stock" time="0"/>
  <testcase classname="| coke | 100 | is out of stock |" name="And The vending machine gives back 100" time="0"/>
  <testcase classname="| coke | 100 | is out of stock |" name="| coke | 100 | is out of stock |" time="0"/>
  <testcase classname="Scenario: The City Bikes Api Returns 200 Response Code" name="Given City Bikes Api Url is active" time="0"/>
  <testcase classname="Scenario: The City Bikes Api Returns 200 Response Code" name="When I run the unfiltered api" time="0"/>
  <testcase classname="Scenario: The City Bikes Api Returns 200 Response Code" name="Then The expected success response code is returned" time="0"/>
  <testcase classname="Scenario: The City Bikes Api Returns 200 Response Code" name="Scenario: The City Bikes Api Returns 200 Response Code" time="0"/>
  <testcase classname="| visa-frankfurt | frankfurt |" name="Given I have a specific location visa-frankfurt" time="0"/>
  <testcase classname="| visa-frankfurt | frankfurt |" name="When I run the api filtered by location" time="0"/>
  <testcase classname="| visa-frankfurt | frankfurt |" name="And I extract the country returned by the api" time="0"/>
  <testcase classname="| visa-frankfurt | frankfurt |" name="Then I verify that the country frankfurt is as expected" time="0"/>
  <testcase classname="| visa-frankfurt | frankfurt |" name="And I verify the the latitude londitude values are returned" time="0"/>
  <testcase classname="| visa-frankfurt | frankfurt |" name="| visa-frankfurt | frankfurt |" time="0"/>
</testsuite>